[debug] [2025-11-23T00:39:39.487Z] ----------------------------------------------------------------------
[debug] [2025-11-23T00:39:39.490Z] Command:       C:\nvm4w\nodejs\node.exe C:\Users\josue\AppData\Roaming\npm\node_modules\firebase-tools\lib\bin\firebase.js init
[debug] [2025-11-23T00:39:39.490Z] CLI Version:   14.26.0
[debug] [2025-11-23T00:39:39.490Z] Platform:      win32
[debug] [2025-11-23T00:39:39.490Z] Node Version:  v22.14.0
[debug] [2025-11-23T00:39:39.490Z] Time:          Sat Nov 22 2025 19:39:39 GMT-0500 (Ecuador Time)
[debug] [2025-11-23T00:39:39.490Z] ----------------------------------------------------------------------
[debug] 
[debug] [2025-11-23T00:39:39.492Z] >>> [apiv2][query] GET https://firebase-public.firebaseio.com/cli.json [none]
[info] 
     ######## #### ########  ######## ########     ###     ######  ########
     ##        ##  ##     ## ##       ##     ##  ##   ##  ##       ##
     ######    ##  ########  ######   ########  #########  ######  ######
     ##        ##  ##    ##  ##       ##     ## ##     ##       ## ##
     ##       #### ##     ## ######## ########  ##     ##  ######  ########

You're about to initialize a Firebase project in this directory:

  C:\Users\josue\Desktop\Chat_Realtime_Databases\Realtime_Chat_Angular\ChatRealtimeDatabases

[debug] [2025-11-23T00:39:39.809Z] <<< [apiv2][status] GET https://firebase-public.firebaseio.com/cli.json 200
[debug] [2025-11-23T00:39:39.809Z] <<< [apiv2][body] GET https://firebase-public.firebaseio.com/cli.json {"cloudBuildErrorAfter":1594252800000,"cloudBuildWarnAfter":1590019200000,"defaultNode10After":1594252800000,"minVersion":"3.0.5","node8DeploysDisabledAfter":1613390400000,"node8RuntimeDisabledAfter":1615809600000,"node8WarnAfter":1600128000000}
[info] 
=== Project Setup
[info] 
[info] First, let's associate this project directory with a Firebase project.
[info] You can create multiple project aliases by running firebase use --add, 
[info] 
[debug] [2025-11-23T00:40:04.872Z] ExitPromptError: User force closed the prompt with SIGINT
    at Interface.sigint (C:\Users\josue\AppData\Roaming\npm\node_modules\firebase-tools\node_modules\@inquirer\core\dist\commonjs\lib\create-prompt.js:101:37)
    at Interface.emit (node:events:518:28)
    at Interface.emit (node:domain:489:12)
    at [_ttyWrite] [as _ttyWrite] (node:internal/readline/interface:1124:18)
    at ReadStream.onkeypress (node:internal/readline/interface:263:20)
    at ReadStream.emit (node:events:530:35)
    at ReadStream.emit (node:domain:489:12)
    at emitKeys (node:internal/readline/utils:370:14)
    at emitKeys.next (<anonymous>)
    at ReadStream.onData (node:internal/readline/emitKeypressEvents:64:36)
[error] 
[error] Error: An unexpected error has occurred.
